seqlen = 23, onehot encoding

define_hyperparam.
Reset trainable parameters of layer = Conv1d(4, 16, kernel_size=(3,), stride=(1,), padding=same)
Reset trainable parameters of layer = BatchNorm1d(16, eps=1e-05, momentum=0.1, affine=True, track_running_stats=True)
Reset trainable parameters of layer = Conv1d(16, 32, kernel_size=(3,), stride=(1,), padding=same)
Reset trainable parameters of layer = BatchNorm1d(32, eps=1e-05, momentum=0.1, affine=True, track_running_stats=True)
Reset trainable parameters of layer = Conv1d(4, 64, kernel_size=(3,), stride=(1,), padding=same)
Reset trainable parameters of layer = BatchNorm1d(64, eps=1e-05, momentum=0.1, affine=True, track_running_stats=True)
Reset trainable parameters of layer = Conv1d(64, 32, kernel_size=(3,), stride=(1,), padding=same)
Reset trainable parameters of layer = BatchNorm1d(32, eps=1e-05, momentum=0.1, affine=True, track_running_stats=True)
Reset trainable parameters of layer = Conv1d(32, 16, kernel_size=(3,), stride=(1,), padding=same)
Reset trainable parameters of layer = BatchNorm1d(16, eps=1e-05, momentum=0.1, affine=True, track_running_stats=True)
Reset trainable parameters of layer = Conv1d(4, 64, kernel_size=(5,), stride=(1,), padding=same)
Reset trainable parameters of layer = BatchNorm1d(64, eps=1e-05, momentum=0.1, affine=True, track_running_stats=True)
Reset trainable parameters of layer = Conv1d(64, 32, kernel_size=(5,), stride=(1,), padding=same)
Reset trainable parameters of layer = BatchNorm1d(32, eps=1e-05, momentum=0.1, affine=True, track_running_stats=True)
Reset trainable parameters of layer = Conv1d(32, 16, kernel_size=(5,), stride=(1,), padding=same)
Reset trainable parameters of layer = BatchNorm1d(16, eps=1e-05, momentum=0.1, affine=True, track_running_stats=True)
Reset trainable parameters of layer = Conv1d(4, 64, kernel_size=(7,), stride=(1,), padding=same)
Reset trainable parameters of layer = BatchNorm1d(64, eps=1e-05, momentum=0.1, affine=True, track_running_stats=True)
Reset trainable parameters of layer = Conv1d(64, 32, kernel_size=(7,), stride=(1,), padding=same)
Reset trainable parameters of layer = BatchNorm1d(32, eps=1e-05, momentum=0.1, affine=True, track_running_stats=True)
Reset trainable parameters of layer = Conv1d(32, 16, kernel_size=(7,), stride=(1,), padding=same)
Reset trainable parameters of layer = BatchNorm1d(16, eps=1e-05, momentum=0.1, affine=True, track_running_stats=True)
Reset trainable parameters of layer = Linear(in_features=736, out_features=32, bias=True)
Reset trainable parameters of layer = BatchNorm1d(32, eps=1e-05, momentum=0.1, affine=True, track_running_stats=True)
Reset trainable parameters of layer = Linear(in_features=32, out_features=1, bias=True)
Reset trainable parameters of layer = Embedding(4, 4, max_norm=True)
----------------------------------------------------------------------
FOLD : 0
Run : epoch 1 / 5...
